 0 3986 
 1 3986 
 2 3987 
 3 3969 
 4 3985 
 5 3971 
 6 3967 
 7 3983 
 8 3770 
 9 3791 
 10 3786 
 11 3787 
 12 3770 
 13 3773 
 14 3771 
 15 3767 
 16 3976 
 17 3989 
 18 3963 
 19 3975 
 20 3985 
 21 3963 
 22 3992 
 23 3991 
 24 3772 
 25 3779 
 26 3771 
 27 3772 
 28 3775 
 29 3773 
 30 3783 
 31 3769 
 32 3789 
 33 3789 
 34 3783 
 35 3767 
 36 3771 
 37 3769 
 38 3784 
 39 3774 
 40 3972 
 41 3989 
 42 3969 
 43 3967 
 44 3994 
 45 3973 
 46 3975 
 47 3976 
 48 3780 
 49 3771 
 50 3785 
 51 3772 
 52 3771 
 53 3787 
 54 3772 
 55 3798 
 56 3778 
 57 3768 
 58 3788 
 59 3779 
 60 3767 
 61 3777 
 62 3771 
 63 3792 
 64 3987 
 65 3979 
 66 3987 
 67 3969 
 68 3974 
 69 3985 
 70 3964 
 71 3974 
 72 3984 
 73 3972 
 74 3967 
 75 3969 
 76 3980 
 77 3970 
 78 3993 
 79 3973 
 80 3785 
 81 3774 
 82 3767 
 83 3792 
 84 3786 
 85 3772 
 86 3775 
 87 3775 
 88 3987 
 89 3965 
 90 3997 
 91 3985 
 92 3964 
 93 3983 
 94 3982 
 95 3959 
 96 3765 
 97 3789 
 98 3775 
 99 3774 
 100 3767 
 101 3770 
 102 3760 
 103 3771 
 104 3779 
 105 3789 
 106 3781 
 107 3782 
 108 3770 
 109 3769 
 110 3787 
 111 3771 
 112 3774 
 113 3788 
 114 3769 
 115 3771 
 116 3779 
 117 3787 
 118 3792 
 119 3775 
 120 3792 
 121 3791 
 122 3773 
 123 3778 
 124 3785 
 125 3791 
 126 3791 
 127 3789 
 128 3767 
 129 3770 
 130 3775 
 131 3775 
 132 3777 
 133 3781 
 134 3784 
 135 3768 
 136 3780 
 137 3767 
 138 3795 
 139 3785 
 140 3778 
 141 3787 
 142 3778 
 143 3779 
 144 3774 
 145 3767 
 146 3773 
 147 3788 
 148 3789 
 149 3793 
 150 3784 
 151 3774 
 152 3777 
 153 3783 
 154 3775 
 155 3773 
 156 3775 
 157 3768 
 158 3771 
 159 3783 
 160 3781 
 161 3790 
 162 3791 
 163 3771 
 164 3768 
 165 3788 
 166 3781 
 167 3786 
 168 3787 
 169 3786 
 170 3771 
 171 3784 
 172 3769 
 173 3778 
 174 3765 
 175 3772 
 176 3778 
 177 3782 
 178 3772 
 179 3774 
 180 3785 
 181 3766 
 182 3770 
 183 3770 
 184 3775 
 185 3790 
 186 3781 
 187 3786 
 188 3773 
 189 3782 
 190 3789 
 191 3772 
 192 3773 
 193 3775 
 194 3788 
 195 3787 
 196 3783 
 197 3784 
 198 3776 
 199 3773 
 200 3798 
 201 3786 
 202 3785 
 203 3774 
 204 3770 
 205 3778 
 206 3787 
 207 3787 
 208 3786 
 209 3773 
 210 3775 
 211 3781 
 212 3772 
 213 3790 
 214 3787 
 215 3785 
 216 3782 
 217 3790 
 218 3774 
 219 3779 
 220 3783 
 221 3785 
 222 3789 
 223 3786 
 224 3771 
 225 3788 
 226 3789 
 227 3791 
 228 3773 
 229 3786 
 230 3770 
 231 3785 
 232 3771 
 233 3785 
 234 3773 
 235 3773 
 236 3775 
 237 3787 
 238 3775 
 239 3773 
 240 3766 
 241 3779 
 242 3791 
 243 3782 
 244 3770 
 245 3789 
 246 3767 
 247 3792 
 248 3774 
 249 3773 
 250 3780 
 251 3787 
 252 3763 
 253 3771 
 254 3769 
 255 3768 
Sum =  0 
